{"__type":"$$EventMessageAudit","id":"ea6fb9e1-0edb-46f9-819a-39ad994980aa","ts":"2025-07-25T19:36:50.501+00:00","eventName":"n8n.audit.package.installed","message":"n8n.audit.package.installed","payload":{"userId":"96cd102c-93c1-45f5-830a-73c990fccdb1","_email":"micjcameron@gmail.com","_firstName":"Michael","_lastName":"Cameron","globalRole":"global:owner","inputString":"n8n-nodes-cronlytic","packageName":"n8n-nodes-cronlytic","success":true,"packageVersion":"0.1.4","packageNodeNames":["Cronlytic Trigger"],"packageAuthor":"Cronlytic","packageAuthorEmail":"saleh@cronlytic.com"}}
{"__type":"$$EventMessageConfirm","confirm":"ea6fb9e1-0edb-46f9-819a-39ad994980aa","ts":"2025-07-25T19:36:50.501+00:00","source":{"id":"0","name":"eventBus"}}
{"__type":"$$EventMessageAudit","id":"608c2507-f8b7-49fb-af0c-f89b0900eac2","ts":"2025-07-25T19:39:09.617+00:00","eventName":"n8n.audit.workflow.created","message":"n8n.audit.workflow.created","payload":{"userId":"96cd102c-93c1-45f5-830a-73c990fccdb1","_email":"micjcameron@gmail.com","_firstName":"Michael","_lastName":"Cameron","globalRole":"global:owner","workflowId":"tx7PhyV6epjqa9mZ","workflowName":"My workflow"}}
{"__type":"$$EventMessageConfirm","confirm":"608c2507-f8b7-49fb-af0c-f89b0900eac2","ts":"2025-07-25T19:39:09.618+00:00","source":{"id":"0","name":"eventBus"}}
{"__type":"$$EventMessageWorkflow","id":"5a389af0-1aab-4de8-acbb-ff7c295a9c35","ts":"2025-07-25T19:40:25.120+00:00","eventName":"n8n.workflow.started","message":"n8n.workflow.started","payload":{"executionId":"1","workflowId":"tx7PhyV6epjqa9mZ","isManual":false,"workflowName":"My workflow"}}
{"__type":"$$EventMessageConfirm","confirm":"5a389af0-1aab-4de8-acbb-ff7c295a9c35","ts":"2025-07-25T19:40:25.120+00:00","source":{"id":"0","name":"eventBus"}}
{"__type":"$$EventMessageNode","id":"dff6f8c0-7804-4b1c-973c-ffbf13933b58","ts":"2025-07-25T19:40:25.121+00:00","eventName":"n8n.node.started","message":"n8n.node.started","payload":{"workflowId":"tx7PhyV6epjqa9mZ","workflowName":"My workflow","executionId":"1","nodeType":"n8n-nodes-base.scheduleTrigger","nodeName":"Schedule Trigger","nodeId":"8b16eb95-c585-4f26-a38b-7933c3f465ca"}}
{"__type":"$$EventMessageConfirm","confirm":"dff6f8c0-7804-4b1c-973c-ffbf13933b58","ts":"2025-07-25T19:40:25.121+00:00","source":{"id":"0","name":"eventBus"}}
{"__type":"$$EventMessageNode","id":"695e0ff5-b076-467c-8cc4-ef9fb7bf43f4","ts":"2025-07-25T19:40:25.127+00:00","eventName":"n8n.node.finished","message":"n8n.node.finished","payload":{"workflowId":"tx7PhyV6epjqa9mZ","workflowName":"My workflow","executionId":"1","nodeType":"n8n-nodes-base.scheduleTrigger","nodeName":"Schedule Trigger","nodeId":"8b16eb95-c585-4f26-a38b-7933c3f465ca"}}
{"__type":"$$EventMessageConfirm","confirm":"695e0ff5-b076-467c-8cc4-ef9fb7bf43f4","ts":"2025-07-25T19:40:25.127+00:00","source":{"id":"0","name":"eventBus"}}
{"__type":"$$EventMessageNode","id":"2beb05dc-a83e-459f-91d4-816895e6e0c5","ts":"2025-07-25T19:40:25.128+00:00","eventName":"n8n.node.started","message":"n8n.node.started","payload":{"workflowId":"tx7PhyV6epjqa9mZ","workflowName":"My workflow","executionId":"1","nodeType":"n8n-nodes-base.httpRequest","nodeName":"HTTP Request","nodeId":"ed24ad53-fe10-436b-a7f8-f5cd466b2b69"}}
{"__type":"$$EventMessageConfirm","confirm":"2beb05dc-a83e-459f-91d4-816895e6e0c5","ts":"2025-07-25T19:40:25.128+00:00","source":{"id":"0","name":"eventBus"}}
{"__type":"$$EventMessageNode","id":"9035b825-3657-465a-a2f7-d4dd673bc234","ts":"2025-07-25T19:40:25.153+00:00","eventName":"n8n.node.finished","message":"n8n.node.finished","payload":{"workflowId":"tx7PhyV6epjqa9mZ","workflowName":"My workflow","executionId":"1","nodeType":"n8n-nodes-base.httpRequest","nodeName":"HTTP Request","nodeId":"ed24ad53-fe10-436b-a7f8-f5cd466b2b69"}}
{"__type":"$$EventMessageConfirm","confirm":"9035b825-3657-465a-a2f7-d4dd673bc234","ts":"2025-07-25T19:40:25.153+00:00","source":{"id":"0","name":"eventBus"}}
{"__type":"$$EventMessageWorkflow","id":"d724ac82-c822-4b20-903f-bcb318340f43","ts":"2025-07-25T19:40:25.155+00:00","eventName":"n8n.workflow.failed","message":"n8n.workflow.failed","payload":{"userId":"96cd102c-93c1-45f5-830a-73c990fccdb1","executionId":"1","success":false,"isManual":true,"workflowId":"tx7PhyV6epjqa9mZ","workflowName":"My workflow","lastNodeExecuted":"HTTP Request","errorNodeType":"n8n-nodes-base.httpRequest","errorMessage":"The service refused the connection - perhaps it is offline"}}
{"__type":"$$EventMessageConfirm","confirm":"d724ac82-c822-4b20-903f-bcb318340f43","ts":"2025-07-25T19:40:25.155+00:00","source":{"id":"0","name":"eventBus"}}
{"__type":"$$EventMessageWorkflow","id":"cde2c9f8-a78c-4cf4-a457-107c8e1df71a","ts":"2025-07-25T19:41:55.264+00:00","eventName":"n8n.workflow.started","message":"n8n.workflow.started","payload":{"executionId":"2","workflowId":"tx7PhyV6epjqa9mZ","isManual":false,"workflowName":"My workflow"}}
{"__type":"$$EventMessageConfirm","confirm":"cde2c9f8-a78c-4cf4-a457-107c8e1df71a","ts":"2025-07-25T19:41:55.264+00:00","source":{"id":"0","name":"eventBus"}}
{"__type":"$$EventMessageNode","id":"f674a802-62bb-4d19-a187-1a229191e354","ts":"2025-07-25T19:41:55.265+00:00","eventName":"n8n.node.started","message":"n8n.node.started","payload":{"workflowId":"tx7PhyV6epjqa9mZ","workflowName":"My workflow","executionId":"2","nodeType":"n8n-nodes-base.httpRequest","nodeName":"HTTP Request","nodeId":"ed24ad53-fe10-436b-a7f8-f5cd466b2b69"}}
{"__type":"$$EventMessageConfirm","confirm":"f674a802-62bb-4d19-a187-1a229191e354","ts":"2025-07-25T19:41:55.265+00:00","source":{"id":"0","name":"eventBus"}}
{"__type":"$$EventMessageNode","id":"492c45b7-3d82-4e5d-bcd5-fa377f2b977f","ts":"2025-07-25T19:41:55.278+00:00","eventName":"n8n.node.finished","message":"n8n.node.finished","payload":{"workflowId":"tx7PhyV6epjqa9mZ","workflowName":"My workflow","executionId":"2","nodeType":"n8n-nodes-base.httpRequest","nodeName":"HTTP Request","nodeId":"ed24ad53-fe10-436b-a7f8-f5cd466b2b69"}}
{"__type":"$$EventMessageConfirm","confirm":"492c45b7-3d82-4e5d-bcd5-fa377f2b977f","ts":"2025-07-25T19:41:55.278+00:00","source":{"id":"0","name":"eventBus"}}
{"__type":"$$EventMessageWorkflow","id":"c4186580-9d62-475f-b062-fa90c3b2eac2","ts":"2025-07-25T19:41:55.280+00:00","eventName":"n8n.workflow.failed","message":"n8n.workflow.failed","payload":{"userId":"96cd102c-93c1-45f5-830a-73c990fccdb1","executionId":"2","success":false,"isManual":true,"workflowId":"tx7PhyV6epjqa9mZ","workflowName":"My workflow","lastNodeExecuted":"HTTP Request","errorNodeType":"n8n-nodes-base.httpRequest","errorMessage":"The service refused the connection - perhaps it is offline"}}
{"__type":"$$EventMessageConfirm","confirm":"c4186580-9d62-475f-b062-fa90c3b2eac2","ts":"2025-07-25T19:41:55.280+00:00","source":{"id":"0","name":"eventBus"}}
{"__type":"$$EventMessageWorkflow","id":"12961913-4405-41c7-8103-16b7026e403f","ts":"2025-07-25T19:43:23.219+00:00","eventName":"n8n.workflow.started","message":"n8n.workflow.started","payload":{"executionId":"3","workflowId":"tx7PhyV6epjqa9mZ","isManual":false,"workflowName":"My workflow"}}
{"__type":"$$EventMessageConfirm","confirm":"12961913-4405-41c7-8103-16b7026e403f","ts":"2025-07-25T19:43:23.219+00:00","source":{"id":"0","name":"eventBus"}}
{"__type":"$$EventMessageNode","id":"3d750c57-d5ea-459e-bae4-f48aaad2ee18","ts":"2025-07-25T19:43:23.220+00:00","eventName":"n8n.node.started","message":"n8n.node.started","payload":{"workflowId":"tx7PhyV6epjqa9mZ","workflowName":"My workflow","executionId":"3","nodeType":"n8n-nodes-base.httpRequest","nodeName":"HTTP Request","nodeId":"ed24ad53-fe10-436b-a7f8-f5cd466b2b69"}}
{"__type":"$$EventMessageConfirm","confirm":"3d750c57-d5ea-459e-bae4-f48aaad2ee18","ts":"2025-07-25T19:43:23.220+00:00","source":{"id":"0","name":"eventBus"}}
{"__type":"$$EventMessageNode","id":"1090d610-74d2-4bf8-b528-f0302f3aabd7","ts":"2025-07-25T19:43:23.257+00:00","eventName":"n8n.node.finished","message":"n8n.node.finished","payload":{"workflowId":"tx7PhyV6epjqa9mZ","workflowName":"My workflow","executionId":"3","nodeType":"n8n-nodes-base.httpRequest","nodeName":"HTTP Request","nodeId":"ed24ad53-fe10-436b-a7f8-f5cd466b2b69"}}
{"__type":"$$EventMessageConfirm","confirm":"1090d610-74d2-4bf8-b528-f0302f3aabd7","ts":"2025-07-25T19:43:23.257+00:00","source":{"id":"0","name":"eventBus"}}
{"__type":"$$EventMessageWorkflow","id":"b76d309d-c563-4ff8-9ff2-bc0696f0b756","ts":"2025-07-25T19:43:23.259+00:00","eventName":"n8n.workflow.success","message":"n8n.workflow.success","payload":{"userId":"96cd102c-93c1-45f5-830a-73c990fccdb1","executionId":"3","success":true,"isManual":true,"workflowId":"tx7PhyV6epjqa9mZ","workflowName":"My workflow"}}
{"__type":"$$EventMessageConfirm","confirm":"b76d309d-c563-4ff8-9ff2-bc0696f0b756","ts":"2025-07-25T19:43:23.259+00:00","source":{"id":"0","name":"eventBus"}}
{"__type":"$$EventMessageWorkflow","id":"6e6b0598-6317-4cee-945b-66968b27281c","ts":"2025-07-26T09:50:33.356+00:00","eventName":"n8n.workflow.started","message":"n8n.workflow.started","payload":{"executionId":"4","workflowId":"tx7PhyV6epjqa9mZ","isManual":false,"workflowName":"My workflow"}}
{"__type":"$$EventMessageConfirm","confirm":"6e6b0598-6317-4cee-945b-66968b27281c","ts":"2025-07-26T09:50:33.357+00:00","source":{"id":"0","name":"eventBus"}}
{"__type":"$$EventMessageNode","id":"84c2cf59-a47f-4e09-8089-510a4ca59e25","ts":"2025-07-26T09:50:33.357+00:00","eventName":"n8n.node.started","message":"n8n.node.started","payload":{"workflowId":"tx7PhyV6epjqa9mZ","workflowName":"My workflow","executionId":"4","nodeType":"n8n-nodes-base.scheduleTrigger","nodeName":"Schedule Trigger","nodeId":"8b16eb95-c585-4f26-a38b-7933c3f465ca"}}
{"__type":"$$EventMessageConfirm","confirm":"84c2cf59-a47f-4e09-8089-510a4ca59e25","ts":"2025-07-26T09:50:33.357+00:00","source":{"id":"0","name":"eventBus"}}
{"__type":"$$EventMessageNode","id":"4da327c3-d607-488c-ac2b-3aeb39c7123f","ts":"2025-07-26T09:50:33.361+00:00","eventName":"n8n.node.finished","message":"n8n.node.finished","payload":{"workflowId":"tx7PhyV6epjqa9mZ","workflowName":"My workflow","executionId":"4","nodeType":"n8n-nodes-base.scheduleTrigger","nodeName":"Schedule Trigger","nodeId":"8b16eb95-c585-4f26-a38b-7933c3f465ca"}}
{"__type":"$$EventMessageConfirm","confirm":"4da327c3-d607-488c-ac2b-3aeb39c7123f","ts":"2025-07-26T09:50:33.361+00:00","source":{"id":"0","name":"eventBus"}}
{"__type":"$$EventMessageNode","id":"7cb56be7-ca59-4b2b-84a2-1b3796992887","ts":"2025-07-26T09:50:33.361+00:00","eventName":"n8n.node.started","message":"n8n.node.started","payload":{"workflowId":"tx7PhyV6epjqa9mZ","workflowName":"My workflow","executionId":"4","nodeType":"n8n-nodes-base.httpRequest","nodeName":"HTTP Request","nodeId":"ed24ad53-fe10-436b-a7f8-f5cd466b2b69"}}
{"__type":"$$EventMessageConfirm","confirm":"7cb56be7-ca59-4b2b-84a2-1b3796992887","ts":"2025-07-26T09:50:33.361+00:00","source":{"id":"0","name":"eventBus"}}
{"__type":"$$EventMessageNode","id":"43970c46-97f3-4566-92ce-e17d6f985109","ts":"2025-07-26T09:50:33.386+00:00","eventName":"n8n.node.finished","message":"n8n.node.finished","payload":{"workflowId":"tx7PhyV6epjqa9mZ","workflowName":"My workflow","executionId":"4","nodeType":"n8n-nodes-base.httpRequest","nodeName":"HTTP Request","nodeId":"ed24ad53-fe10-436b-a7f8-f5cd466b2b69"}}
{"__type":"$$EventMessageConfirm","confirm":"43970c46-97f3-4566-92ce-e17d6f985109","ts":"2025-07-26T09:50:33.386+00:00","source":{"id":"0","name":"eventBus"}}
{"__type":"$$EventMessageWorkflow","id":"cbbdeaa0-85fe-4b07-9041-cf972cb7bd0a","ts":"2025-07-26T09:50:33.389+00:00","eventName":"n8n.workflow.success","message":"n8n.workflow.success","payload":{"userId":"96cd102c-93c1-45f5-830a-73c990fccdb1","executionId":"4","success":true,"isManual":true,"workflowId":"tx7PhyV6epjqa9mZ","workflowName":"My workflow"}}
{"__type":"$$EventMessageConfirm","confirm":"cbbdeaa0-85fe-4b07-9041-cf972cb7bd0a","ts":"2025-07-26T09:50:33.389+00:00","source":{"id":"0","name":"eventBus"}}
